<?xml version="1.0" encoding="UTF-8"?>
<testsuite name="org.cytoscape.cyGraph.GraphAlgorithmsImplTest" time="0.095" tests="9" errors="0" skipped="0" failures="0">
  <properties>
    <property name="java.runtime.name" value="Java(TM) SE Runtime Environment"/>
    <property name="sun.boot.library.path" value="C:\Program Files (x86)\Java\jre1.6.0_01\bin"/>
    <property name="java.vm.version" value="1.6.0_01-b06"/>
    <property name="java.vm.vendor" value="Sun Microsystems Inc."/>
    <property name="java.vendor.url" value="http://java.sun.com/"/>
    <property name="path.separator" value=";"/>
    <property name="guice.disable.misplaced.annotation.check" value="true"/>
    <property name="java.vm.name" value="Java HotSpot(TM) Client VM"/>
    <property name="file.encoding.pkg" value="sun.io"/>
    <property name="user.country" value="IN"/>
    <property name="sun.java.launcher" value="SUN_STANDARD"/>
    <property name="sun.os.patch.level" value="Service Pack 1"/>
    <property name="java.vm.specification.name" value="Java Virtual Machine Specification"/>
    <property name="user.dir" value="C:\Users\Jimmy\cyGraph-impl"/>
    <property name="java.runtime.version" value="1.6.0_01-b06"/>
    <property name="java.awt.graphicsenv" value="sun.awt.Win32GraphicsEnvironment"/>
    <property name="java.endorsed.dirs" value="C:\Program Files (x86)\Java\jre1.6.0_01\lib\endorsed"/>
    <property name="os.arch" value="x86"/>
    <property name="java.io.tmpdir" value="C:\Users\Jimmy\AppData\Local\Temp\"/>
    <property name="line.separator" value="&#10;"/>
    <property name="java.vm.specification.vendor" value="Sun Microsystems Inc."/>
    <property name="user.variant" value=""/>
    <property name="os.name" value="Windows Vista"/>
    <property name="classworlds.conf" value="C:\Users\Jimmy\workspace\.metadata\.plugins\org.eclipse.m2e.core\launches\m2conf1619541368243962589.tmp"/>
    <property name="sun.jnu.encoding" value="Cp1252"/>
    <property name="java.library.path" value="C:\Program Files (x86)\Java\jre1.6.0_01\bin;.;C:\Windows\Sun\Java\bin;C:\Windows\system32;C:\Windows;C:/Users/Jimmy/algs4/java/bin/server;C:/Users/Jimmy/algs4/java/bin;C:/Users/Jimmy/algs4/java/lib/amd64;C:\Program Files (x86)\NVIDIA Corporation\PhysX\Common;C:\Users\Jimmy\algs4\java\bin;C:\Program Files\Common Files\Microsoft Shared\Windows Live;C:\Program Files (x86)\Common Files\Microsoft Shared\Windows Live;C:\Windows\system32;C:\Windows;C:\Windows\System32\Wbem;C:\Windows\System32\WindowsPowerShell\v1.0\;C:\Program Files\Intel\WiFi\bin\;C:\Program Files\Common Files\Intel\WirelessCommon\;C:\Program Files (x86)\Windows Live\Shared;C:\Program Files (x86)\Common Files\Roxio Shared\DLLShared\;C:\Program Files (x86)\Common Files\Roxio Shared\OEM\DLLShared\;C:\Program Files (x86)\Common Files\Roxio Shared\OEM\DLLShared\;C:\Program Files (x86)\Common Files\Roxio Shared\OEM\12.0\DLLShared\;C:\Program Files (x86)\Roxio\OEM\AudioCore\;C:\Program Files (x86)\QuickTime\QTSystem\;C:\Program Files\TortoiseHg\;C:\Program Files\TortoiseSVN\bin;C:\Program Files (x86)\Git\cmd;c:\Program Files (x86)\Microsoft SQL Server\100\Tools\Binn\;c:\Program Files\Microsoft SQL Server\100\Tools\Binn\;c:\Program Files\Microsoft SQL Server\100\DTS\Binn\;C:\Program Files (x86)\sbt\;C:\Program Files\MATLAB\R2012b\runtime\win64;C:\Program Files\MATLAB\R2012b\bin;C:\Program Files\MySQL\MySQL Server 5.5\bin;C:\Users\Jimmy\Downloads\maven\apache-maven-3.0.5\bin;C:\Program Files\MiKTeX 2.9\miktex\bin\x64\;C:\Users\Jimmy\Downloads\maven\apache-maven-3.0.5\bin;C:\Windows\system32\WindowsPowerShell\v1.0\;C:\Users\Jimmy\algs4\java\bin;C:\Program Files\Common Files\Microsoft Shared\Windows Live;C:\Program Files (x86)\Common Files\Microsoft Shared\Windows Live;C:\Windows\system32;C:\Windows;C:\Windows\System32\Wbem;C:\Windows\System32\WindowsPowerShell\v1.0\;C:\Program Files\Intel\WiFi\bin\;C:\Program Files\Common Files\Intel\WirelessCommon\;C:\Program Files (x86)\Windows Live\Shared;C:\Program Files (x86)\Common Files\Roxio Shared\DLLShared\;C:\Program Files (x86)\Common Files\Roxio Shared\OEM\DLLShared\;C:\Program Files (x86)\Common Files\Roxio Shared\OEM\DLLShared\;C:\Program Files (x86)\Common Files\Roxio Shared\OEM\12.0\DLLShared\;C:\Program Files (x86)\Roxio\OEM\AudioCore\;C:\Program Files (x86)\QuickTime\QTSystem\;C:\Program Files\TortoiseHg\;C:\Program Files\TortoiseSVN\bin;C:\Python;C:\Program Files (x86)\Java\jdk1.6.0_01\bin;C:\Python\Scripts;C:\OpenCV2.3\opencv\build\x86\vc10\bin;c:\altera\12.0\modelsim_ase\win32aloem;.;;.;;C:\Users\Jimmy\Downloads\eclipse\eclipse;"/>
    <property name="java.specification.name" value="Java Platform API Specification"/>
    <property name="java.class.version" value="50.0"/>
    <property name="sun.management.compiler" value="HotSpot Client Compiler"/>
    <property name="os.version" value="6.1"/>
    <property name="user.home" value="C:\Users\Jimmy"/>
    <property name="user.timezone" value="Asia/Calcutta"/>
    <property name="java.awt.printerjob" value="sun.awt.windows.WPrinterJob"/>
    <property name="file.encoding" value="Cp1252"/>
    <property name="java.specification.version" value="1.6"/>
    <property name="user.name" value="Jimmy"/>
    <property name="java.class.path" value="/C:/Users/Jimmy/Downloads/eclipse/eclipse/configuration/org.eclipse.osgi/bundles/441/2/.cp/jars/plexus-classworlds-2.4.jar"/>
    <property name="java.vm.specification.version" value="1.0"/>
    <property name="sun.arch.data.model" value="32"/>
    <property name="java.home" value="C:\Program Files (x86)\Java\jre1.6.0_01"/>
    <property name="java.specification.vendor" value="Sun Microsystems Inc."/>
    <property name="user.language" value="en"/>
    <property name="awt.toolkit" value="sun.awt.windows.WToolkit"/>
    <property name="java.vm.info" value="mixed mode"/>
    <property name="java.version" value="1.6.0_01"/>
    <property name="java.ext.dirs" value="C:\Program Files (x86)\Java\jre1.6.0_01\lib\ext;C:\Windows\Sun\Java\lib\ext"/>
    <property name="sun.boot.class.path" value="C:\Program Files (x86)\Java\jre1.6.0_01\lib\resources.jar;C:\Program Files (x86)\Java\jre1.6.0_01\lib\rt.jar;C:\Program Files (x86)\Java\jre1.6.0_01\lib\sunrsasign.jar;C:\Program Files (x86)\Java\jre1.6.0_01\lib\jsse.jar;C:\Program Files (x86)\Java\jre1.6.0_01\lib\jce.jar;C:\Program Files (x86)\Java\jre1.6.0_01\lib\charsets.jar;C:\Program Files (x86)\Java\jre1.6.0_01\classes"/>
    <property name="java.vendor" value="Sun Microsystems Inc."/>
    <property name="maven.home" value="C:\Users\Jimmy\cyGraph-impl\EMBEDDED"/>
    <property name="file.separator" value="\"/>
    <property name="java.vendor.url.bug" value="http://java.sun.com/cgi-bin/bugreport.cgi"/>
    <property name="sun.cpu.endian" value="little"/>
    <property name="sun.io.unicode.encoding" value="UnicodeLittle"/>
    <property name="sun.desktop" value="windows"/>
    <property name="sun.cpu.isalist" value="pentium_pro+mmx pentium_pro pentium+mmx pentium i486 i386 i86"/>
  </properties>
  <testcase name="findAllPairShortestPathTest" classname="org.cytoscape.cyGraph.GraphAlgorithmsImplTest" time="0.01"/>
  <testcase name="findShortestPathTest" classname="org.cytoscape.cyGraph.GraphAlgorithmsImplTest" time="0.022"/>
  <testcase name="breadthFirstSearchTest" classname="org.cytoscape.cyGraph.GraphAlgorithmsImplTest" time="0.006"/>
  <testcase name="getPageranksTest" classname="org.cytoscape.cyGraph.GraphAlgorithmsImplTest" time="0.008"/>
  <testcase name="findPathTest" classname="org.cytoscape.cyGraph.GraphAlgorithmsImplTest" time="0.014"/>
  <testcase name="findPrimTreeTest" classname="org.cytoscape.cyGraph.GraphAlgorithmsImplTest" time="0.02"/>
  <testcase name="getHITSScoresTest" classname="org.cytoscape.cyGraph.GraphAlgorithmsImplTest" time="0.005"/>
  <testcase name="findKruskalTreeTest" classname="org.cytoscape.cyGraph.GraphAlgorithmsImplTest" time="0.006"/>
  <testcase name="depthFirstSearchTest" classname="org.cytoscape.cyGraph.GraphAlgorithmsImplTest" time="0.004"/>
</testsuite>